c:\users\s172074\documents\sourcetree\test\3dprograming_ver3-master\release\3dprograming.lib
c:\users\s172074\documents\sourcetree\test\3dprograming_ver3-master\release\3dprograming.exp
c:\users\s172074\documents\sourcetree\test\3dprograming_ver3-master\release\3dprograming.pch
c:\users\s172074\documents\sourcetree\test\3dprograming_ver3-master\release\vc140.pdb
c:\users\s172074\documents\sourcetree\test\3dprograming_ver3-master\release\pch.obj
c:\users\s172074\documents\sourcetree\test\3dprograming_ver3-master\release\debugsphere.obj
c:\users\s172074\documents\sourcetree\test\3dprograming_ver3-master\release\debugplane.obj
c:\users\s172074\documents\sourcetree\test\3dprograming_ver3-master\release\debugmesh.obj
c:\users\s172074\documents\sourcetree\test\3dprograming_ver3-master\release\debugline.obj
c:\users\s172074\documents\sourcetree\test\3dprograming_ver3-master\release\debugcapsule.obj
c:\users\s172074\documents\sourcetree\test\3dprograming_ver3-master\release\debugbox.obj
c:\users\s172074\documents\sourcetree\test\3dprograming_ver3-master\release\mesh.obj
c:\users\s172074\documents\sourcetree\test\3dprograming_ver3-master\release\collisionobject.obj
c:\users\s172074\documents\sourcetree\test\3dprograming_ver3-master\release\collisionmanager.obj
c:\users\s172074\documents\sourcetree\test\3dprograming_ver3-master\release\collision.obj
c:\users\s172074\documents\sourcetree\test\3dprograming_ver3-master\release\ccell.obj
c:\users\s172074\documents\sourcetree\test\3dprograming_ver3-master\release\titlecamera.obj
c:\users\s172074\documents\sourcetree\test\3dprograming_ver3-master\release\playcamera.obj
c:\users\s172074\documents\sourcetree\test\3dprograming_ver3-master\release\cameramanager.obj
c:\users\s172074\documents\sourcetree\test\3dprograming_ver3-master\release\camera.obj
c:\users\s172074\documents\sourcetree\test\3dprograming_ver3-master\release\basecamera.obj
c:\users\s172074\documents\sourcetree\test\3dprograming_ver3-master\release\game.obj
c:\users\s172074\documents\sourcetree\test\3dprograming_ver3-master\release\deviceresources.obj
c:\users\s172074\documents\sourcetree\test\3dprograming_ver3-master\release\debugstring.obj
c:\users\s172074\documents\sourcetree\test\3dprograming_ver3-master\release\debugcamera.obj
c:\users\s172074\documents\sourcetree\test\3dprograming_ver3-master\release\titleplayercontroller.obj
c:\users\s172074\documents\sourcetree\test\3dprograming_ver3-master\release\playercontroller.obj
c:\users\s172074\documents\sourcetree\test\3dprograming_ver3-master\release\enemycontrollerr.obj
c:\users\s172074\documents\sourcetree\test\3dprograming_ver3-master\release\collisionsphere.obj
c:\users\s172074\documents\sourcetree\test\3dprograming_ver3-master\release\collisionmesh.obj
c:\users\s172074\documents\sourcetree\test\3dprograming_ver3-master\release\collisioncomponent.obj
c:\users\s172074\documents\sourcetree\test\3dprograming_ver3-master\release\up.obj
c:\users\s172074\documents\sourcetree\test\3dprograming_ver3-master\release\shot.obj
c:\users\s172074\documents\sourcetree\test\3dprograming_ver3-master\release\moveright.obj
c:\users\s172074\documents\sourcetree\test\3dprograming_ver3-master\release\moveleft.obj
c:\users\s172074\documents\sourcetree\test\3dprograming_ver3-master\release\moveforward.obj
c:\users\s172074\documents\sourcetree\test\3dprograming_ver3-master\release\movebase.obj
c:\users\s172074\documents\sourcetree\test\3dprograming_ver3-master\release\movebackward.obj
c:\users\s172074\documents\sourcetree\test\3dprograming_ver3-master\release\inputhandler.obj
c:\users\s172074\documents\sourcetree\test\3dprograming_ver3-master\release\down.obj
c:\users\s172074\documents\sourcetree\test\3dprograming_ver3-master\release\changemousecursor.obj
c:\users\s172074\documents\sourcetree\test\3dprograming_ver3-master\release\triangle.obj
c:\users\s172074\documents\sourcetree\test\3dprograming_ver3-master\release\sphere.obj
c:\users\s172074\documents\sourcetree\test\3dprograming_ver3-master\release\segment.obj
c:\users\s172074\documents\sourcetree\test\3dprograming_ver3-master\release\plane.obj
c:\users\s172074\documents\sourcetree\test\3dprograming_ver3-master\release\titlelogo.obj
c:\users\s172074\documents\sourcetree\test\3dprograming_ver3-master\release\titlecar.obj
c:\users\s172074\documents\sourcetree\test\3dprograming_ver3-master\release\startbutton.obj
c:\users\s172074\documents\sourcetree\test\3dprograming_ver3-master\release\room.obj
c:\users\s172074\documents\sourcetree\test\3dprograming_ver3-master\release\gameobjectlist.obj
c:\users\s172074\documents\sourcetree\test\3dprograming_ver3-master\release\gameobject.obj
c:\users\s172074\documents\sourcetree\test\3dprograming_ver3-master\release\enemycar.obj
c:\users\s172074\documents\sourcetree\test\3dprograming_ver3-master\release\car.obj
c:\users\s172074\documents\sourcetree\test\3dprograming_ver3-master\release\cannon.obj
c:\users\s172074\documents\sourcetree\test\3dprograming_ver3-master\release\playerbullet.obj
c:\users\s172074\documents\sourcetree\test\3dprograming_ver3-master\release\mousecurosrmanager.obj
c:\users\s172074\documents\sourcetree\test\3dprograming_ver3-master\release\texturedata.obj
c:\users\s172074\documents\sourcetree\test\3dprograming_ver3-master\release\modeldata.obj
c:\users\s172074\documents\sourcetree\test\3dprograming_ver3-master\release\twodimentionsprite.obj
c:\users\s172074\documents\sourcetree\test\3dprograming_ver3-master\release\renderthreedimension.obj
c:\users\s172074\documents\sourcetree\test\3dprograming_ver3-master\release\gravity.obj
c:\users\s172074\documents\sourcetree\test\3dprograming_ver3-master\release\friction.obj
c:\users\s172074\documents\sourcetree\test\3dprograming_ver3-master\release\titlelogomove.obj
c:\users\s172074\documents\sourcetree\test\3dprograming_ver3-master\release\positioncontrol.obj
c:\users\s172074\documents\sourcetree\test\3dprograming_ver3-master\release\bulletlife.obj
c:\users\s172074\documents\sourcetree\test\3dprograming_ver3-master\release\main.obj
c:\users\s172074\documents\sourcetree\test\3dprograming_ver3-master\release\gridfloor.obj
c:\users\s172074\documents\sourcetree\test\3dprograming_ver3-master\release\morton.obj
c:\users\s172074\documents\sourcetree\test\3dprograming_ver3-master\release\inputmanager.obj
c:\users\s172074\documents\sourcetree\test\3dprograming_ver3-master\release\subgame.obj
c:\users\s172074\documents\sourcetree\test\3dprograming_ver3-master\release\titlescene.obj
c:\users\s172074\documents\sourcetree\test\3dprograming_ver3-master\release\scenemanager.obj
c:\users\s172074\documents\sourcetree\test\3dprograming_ver3-master\release\playscene.obj
c:\users\s172074\documents\sourcetree\test\3dprograming_ver3-master\release\transform.obj
c:\users\s172074\documents\sourcetree\test\3dprograming_ver3-master\release\3dprograming.exe
c:\users\s172074\documents\sourcetree\test\3dprograming_ver3-master\release\3dprograming.ipdb
c:\users\s172074\documents\sourcetree\test\3dprograming_ver3-master\release\3dprograming.iobj
c:\users\s172074\documents\sourcetree\test\3dprograming_ver3-master\release\3dprograming.pdb
c:\users\s172074\documents\sourcetree\test\3dprograming_ver3-master\resources\fbx\stadium.fbm\kabe.png
c:\users\s172074\documents\sourcetree\test\3dprograming_ver3-master\resources\fbx\stadium.fbm\jimen.jpg
c:\users\s172074\documents\sourcetree\test\3dprograming_ver3-master\resources\models\stadium.cmo
c:\users\s172074\documents\sourcetree\test\3dprograming_ver3-master\resources\models\_program files (x86)_microsoft visual studio 14.0_common7_ide_extensions_microsoft_vsgraphics_assets_effects_phong.dgsl.cso
c:\users\s172074\documents\sourcetree\test\3dprograming_ver3-master\resources\models\_users_s172074_documents_sourcetree_test_3dprograming__ver3-master_resources_fbx_stadium.fbm_kabe.png.dds
c:\users\s172074\documents\sourcetree\test\3dprograming_ver3-master\resources\models\_users_s172074_documents_sourcetree_test_3dprograming__ver3-master_resources_fbx_stadium.fbm_jimen.jpg.dds
c:\users\s172074\documents\sourcetree\test\3dprograming_ver3-master\resources\models\car_cannon.cmo
c:\users\s172074\documents\sourcetree\test\3dprograming_ver3-master\resources\models\car_body.cmo
c:\users\s172074\documents\sourcetree\test\3dprograming_ver3-master\resources\models\car.cmo
c:\users\s172074\documents\sourcetree\test\3dprograming_ver3-master\resources\models\bullet2.cmo
c:\users\s172074\documents\sourcetree\test\3dprograming_ver3-master\resources\models\bullet.cmo
c:\users\s172074\documents\sourcetree\test\3dprograming_ver3-master\resources\fbx\room.fbm\room_kabe.png
c:\users\s172074\documents\sourcetree\test\3dprograming_ver3-master\resources\fbx\room.fbm\saka3.png
c:\users\s172074\documents\sourcetree\test\3dprograming_ver3-master\resources\fbx\room.fbm\saka.png
c:\users\s172074\documents\sourcetree\test\3dprograming_ver3-master\resources\fbx\room.fbm\saka2.png
c:\users\s172074\documents\sourcetree\test\3dprograming_ver3-master\resources\models\room.cmo
c:\users\s172074\documents\sourcetree\test\3dprograming_ver3-master\resources\models\_users_s172074_documents_sourcetree_test_3dprograming__ver3-master_resources_fbx_room.fbm_room__kabe.png.dds
c:\users\s172074\documents\sourcetree\test\3dprograming_ver3-master\resources\models\_users_s172074_documents_sourcetree_test_3dprograming__ver3-master_resources_fbx_room.fbm_saka3.png.dds
c:\users\s172074\documents\sourcetree\test\3dprograming_ver3-master\resources\models\_users_s172074_documents_sourcetree_test_3dprograming__ver3-master_resources_fbx_room.fbm_saka.png.dds
c:\users\s172074\documents\sourcetree\test\3dprograming_ver3-master\resources\models\_users_s172074_documents_sourcetree_test_3dprograming__ver3-master_resources_fbx_room.fbm_saka2.png.dds
c:\users\s172074\documents\sourcetree\test\3dprograming_ver3-master\release\resource.res
c:\users\s172074\documents\sourcetree\test\3dprograming_ver3-master\release\3dprograming.tlog\3dprograming.write.1u.tlog
c:\users\s172074\documents\sourcetree\test\3dprograming_ver3-master\release\3dprograming.tlog\cl.command.1.tlog
c:\users\s172074\documents\sourcetree\test\3dprograming_ver3-master\release\3dprograming.tlog\cl.read.1.tlog
c:\users\s172074\documents\sourcetree\test\3dprograming_ver3-master\release\3dprograming.tlog\cl.write.1.tlog
c:\users\s172074\documents\sourcetree\test\3dprograming_ver3-master\release\3dprograming.tlog\link.8040-cvtres.read.1.tlog
c:\users\s172074\documents\sourcetree\test\3dprograming_ver3-master\release\3dprograming.tlog\link.8040-cvtres.write.1.tlog
c:\users\s172074\documents\sourcetree\test\3dprograming_ver3-master\release\3dprograming.tlog\link.command.1.tlog
c:\users\s172074\documents\sourcetree\test\3dprograming_ver3-master\release\3dprograming.tlog\meshcontenttask-vsgraphics.12600.read.1.tlog
c:\users\s172074\documents\sourcetree\test\3dprograming_ver3-master\release\3dprograming.tlog\meshcontenttask-vsgraphics.12600.write.1.tlog
c:\users\s172074\documents\sourcetree\test\3dprograming_ver3-master\release\3dprograming.tlog\meshcontenttask-vsgraphics.12744.read.1.tlog
c:\users\s172074\documents\sourcetree\test\3dprograming_ver3-master\release\3dprograming.tlog\meshcontenttask-vsgraphics.12744.write.1.tlog
c:\users\s172074\documents\sourcetree\test\3dprograming_ver3-master\release\3dprograming.tlog\meshcontenttask-vsgraphics.14332.read.1.tlog
c:\users\s172074\documents\sourcetree\test\3dprograming_ver3-master\release\3dprograming.tlog\meshcontenttask-vsgraphics.14332.write.1.tlog
c:\users\s172074\documents\sourcetree\test\3dprograming_ver3-master\release\3dprograming.tlog\meshcontenttask-vsgraphics.548.read.1.tlog
c:\users\s172074\documents\sourcetree\test\3dprograming_ver3-master\release\3dprograming.tlog\meshcontenttask-vsgraphics.548.write.1.tlog
c:\users\s172074\documents\sourcetree\test\3dprograming_ver3-master\release\3dprograming.tlog\meshcontenttask-vsgraphics.6596.read.1.tlog
c:\users\s172074\documents\sourcetree\test\3dprograming_ver3-master\release\3dprograming.tlog\meshcontenttask-vsgraphics.6596.write.1.tlog
c:\users\s172074\documents\sourcetree\test\3dprograming_ver3-master\release\3dprograming.tlog\meshcontenttask-vsgraphics.7160.read.1.tlog
c:\users\s172074\documents\sourcetree\test\3dprograming_ver3-master\release\3dprograming.tlog\meshcontenttask-vsgraphics.7160.write.1.tlog
c:\users\s172074\documents\sourcetree\test\3dprograming_ver3-master\release\3dprograming.tlog\meshcontenttask-vsgraphics.read.1.tlog
c:\users\s172074\documents\sourcetree\test\3dprograming_ver3-master\release\3dprograming.tlog\meshcontenttask-vsgraphics.write.1.tlog
c:\users\s172074\documents\sourcetree\test\3dprograming_ver3-master\release\3dprograming.tlog\rc.7036.read.1.tlog
c:\users\s172074\documents\sourcetree\test\3dprograming_ver3-master\release\3dprograming.tlog\rc.7036.write.1.tlog
c:\users\s172074\documents\sourcetree\test\3dprograming_ver3-master\release\3dprograming.tlog\rc.command.1.tlog
